<?xml version="1.0" encoding="UTF-8"?>
<!-- Generated by org.testng.reporters.JUnitReportReporter -->
<testsuite hostname="Vishwanathas-MacBook-Pro.local" failures="0" tests="1" name="testCases.TestCaseOne" time="0.007" errors="0" timestamp="2023-03-21T21:56:31 MYT" skipped="0">
  <testcase classname="testCases.TestCaseOne" name="testOne" time="0.007"/>
  <system-out/>
</testsuite> <!-- testCases.TestCaseOne -->
